<?xml version="1.0" encoding="utf-8"?><testsuites name="pytest tests"><testsuite name="pytest" errors="0" failures="0" skipped="1" tests="18" time="11.279" timestamp="2026-08-08T17:47:12.071979+00:00" hostname="agent-env-11f41cdf-c20f-4cc7-a157-1de54cb01c90"><testcase classname="tests.backend_test.TestAuth" name="test_register_fresh_account" time="0.697" /><testcase classname="tests.backend_test.TestReview" name="test_queue_and_submit_flow" time="1.674" /><testcase classname="tests.backend_test.TestAuth" name="test_register_duplicate_email_returns_409" time="0.045" /><testcase classname="tests.backend_test.TestAuth" name="test_login_success" time="0.268" /><testcase classname="tests.backend_test.TestAuth" name="test_login_wrong_password" time="0.266" /><testcase classname="tests.backend_test.TestAuth" name="test_me_returns_streak_fields" time="0.315" /><testcase classname="tests.backend_test.TestAuth" name="test_me_no_token_401" time="0.044" /><testcase classname="tests.backend_test" name="test_root" time="0.093" /><testcase classname="tests.backend_test.TestReview" name="test_submit_invalid_rating" time="0.045" /><testcase classname="tests.backend_test.TestReview" name="test_submit_unknown_card" time="0.045" /><testcase classname="tests.backend_test" name="test_cleanup_delete_deck" time="0.000"><skipped type="pytest.skip" message="no deck saved">/app/backend/tests/backend_test.py:342: no deck saved</skipped></testcase><testcase classname="tests.backend_test.TestReview" name="test_review_complete_bonus" time="1.459" /><testcase classname="tests.backend_test.TestProfile" name="test_update_and_verify" time="0.128" /><testcase classname="tests.backend_test.TestAnalytics" name="test_analytics_shape" time="0.049" /><testcase classname="tests.backend_test.TestExams" name="test_generate_submit_history" time="0.136" /><testcase classname="tests.backend_test.TestDecks" name="test_generate_returns_deck_and_cards" time="9.010" /><testcase classname="tests.backend_test.TestDecks" name="test_save_deck_and_list" time="0.120" /><testcase classname="tests.backend_test.TestHome" name="test_home_summary" time="0.096" /></testsuite></testsuites>